
********************************************************************************
                            Git Achievement Unlocked!                            

                                     Student                                     
       Accessed the documentation for a command with git [command] --help       
********************************************************************************


********************************************************************************
                            Git Achievement Unlocked!                            

                                 Garage Inventor                                 
                      Used a custom alias for a Git command                      
********************************************************************************


********************************************************************************
                            Git Achievement Unlocked!                            

                           Apprentice Author (Level 1)                           
                     Made 2^Level commits using git commit.                     
********************************************************************************


********************************************************************************
                            Git Achievement Unlocked!                            

                         Apprentice Socialite (Level 1)                         
              pushed a branch to a remote repository using git push              
********************************************************************************

