achievements --help
Date: Tue Jul  3 15:12:04 CEST 2018
init
Date: Tue Jul  3 15:12:49 CEST 2018
status -s 
Date: Tue Jul  3 15:12:52 CEST 2018
rev-parse --git-dir --is-inside-git-dir --is-bare-repository --is-inside-work-tree --short HEAD
Date: Tue Jul  3 15:13:19 CEST 2018
rev-list --count --left-right @{upstream}...HEAD
Date: Tue Jul  3 15:13:19 CEST 2018
status -s 
Date: Tue Jul  3 15:13:20 CEST 2018
rev-parse --git-dir --is-inside-git-dir --is-bare-repository --is-inside-work-tree --short HEAD
Date: Tue Jul  3 15:13:20 CEST 2018
rev-list --count --left-right @{upstream}...HEAD
Date: Tue Jul  3 15:13:20 CEST 2018
rev-parse --git-dir --is-inside-git-dir --is-bare-repository --is-inside-work-tree --short HEAD
Date: Tue Jul  3 15:13:33 CEST 2018
rev-list --count --left-right @{upstream}...HEAD
Date: Tue Jul  3 15:13:33 CEST 2018
rev-parse --git-dir --is-inside-git-dir --is-bare-repository --is-inside-work-tree --short HEAD
Date: Tue Jul  3 15:14:31 CEST 2018
rev-list --count --left-right @{upstream}...HEAD
Date: Tue Jul  3 15:14:31 CEST 2018
rev-parse --git-dir --is-inside-git-dir --is-bare-repository --is-inside-work-tree --short HEAD
Date: Tue Jul  3 15:14:31 CEST 2018
rev-list --count --left-right @{upstream}...HEAD
Date: Tue Jul  3 15:14:31 CEST 2018
rev-parse --git-dir --is-inside-git-dir --is-bare-repository --is-inside-work-tree --short HEAD
Date: Tue Jul  3 15:15:01 CEST 2018
rev-list --count --left-right @{upstream}...HEAD
Date: Tue Jul  3 15:15:01 CEST 2018
add git-achievements
Date: Tue Jul  3 15:15:04 CEST 2018
rev-parse --git-dir --is-inside-git-dir --is-bare-repository --is-inside-work-tree --short HEAD
Date: Tue Jul  3 15:15:04 CEST 2018
rev-list --count --left-right @{upstream}...HEAD
Date: Tue Jul  3 15:15:04 CEST 2018
diff
Date: Tue Jul  3 15:15:08 CEST 2018
rev-parse --git-dir --is-inside-git-dir --is-bare-repository --is-inside-work-tree --short HEAD
Date: Tue Jul  3 15:15:08 CEST 2018
rev-list --count --left-right @{upstream}...HEAD
Date: Tue Jul  3 15:15:08 CEST 2018
diff --staged
Date: Tue Jul  3 15:15:12 CEST 2018
rev-parse --git-dir --is-inside-git-dir --is-bare-repository --is-inside-work-tree --short HEAD
Date: Tue Jul  3 15:15:12 CEST 2018
rev-list --count --left-right @{upstream}...HEAD
Date: Tue Jul  3 15:15:12 CEST 2018
rev-parse --git-dir --is-inside-git-dir --is-bare-repository --is-inside-work-tree --short HEAD
Date: Tue Jul  3 15:15:20 CEST 2018
rev-list --count --left-right @{upstream}...HEAD
Date: Tue Jul  3 15:15:20 CEST 2018
commit -v -m Also commit logs.
Date: Tue Jul  3 15:15:25 CEST 2018
rev-parse --git-dir --is-inside-git-dir --is-bare-repository --is-inside-work-tree --short HEAD
Date: Tue Jul  3 15:15:25 CEST 2018
rev-list --count --left-right @{upstream}...HEAD
Date: Tue Jul  3 15:15:25 CEST 2018
--list-cmds=list-mainporcelain,others,nohelpers,alias,list-complete,config
Date: Tue Jul  3 15:15:28 CEST 2018
push origin gh-pages
Date: Tue Jul  3 15:15:40 CEST 2018
rev-parse --git-dir --is-inside-git-dir --is-bare-repository --is-inside-work-tree --short HEAD
Date: Tue Jul  3 15:15:40 CEST 2018
rev-list --count --left-right @{upstream}...HEAD
Date: Tue Jul  3 15:15:41 CEST 2018
status -s 
Date: Tue Jul  3 15:17:57 CEST 2018
rev-parse --git-dir --is-inside-git-dir --is-bare-repository --is-inside-work-tree --short HEAD
Date: Tue Jul  3 15:17:57 CEST 2018
rev-list --count --left-right @{upstream}...HEAD
Date: Tue Jul  3 15:17:57 CEST 2018
rev-parse --git-dir --is-inside-git-dir --is-bare-repository --is-inside-work-tree --short HEAD
Date: Tue Jul  3 15:18:06 CEST 2018
rev-list --count --left-right @{upstream}...HEAD
Date: Tue Jul  3 15:18:06 CEST 2018
commit -v --amend 
Date: Tue Jul  3 15:18:28 CEST 2018
rev-parse --git-dir --is-inside-git-dir --is-bare-repository --is-inside-work-tree --short HEAD
Date: Tue Jul  3 15:18:36 CEST 2018
rev-list --count --left-right @{upstream}...HEAD
Date: Tue Jul  3 15:18:36 CEST 2018
rev-parse --git-dir --is-inside-git-dir --is-bare-repository --is-inside-work-tree --short HEAD
Date: Tue Jul  3 15:18:48 CEST 2018
rev-list --count --left-right @{upstream}...HEAD
Date: Tue Jul  3 15:18:48 CEST 2018
--list-cmds=list-mainporcelain,others,nohelpers,alias,list-complete,config
Date: Tue Jul  3 15:18:49 CEST 2018
push origin gh-pages -f
Date: Tue Jul  3 15:19:17 CEST 2018
